<?xml version="1.0" encoding="UTF-8"?>
<!-- Generated by org.testng.reporters.JUnitReportReporter -->
<testsuite hostname="ASL-BLR-LT-0014" failures="1" tests="10" name="Test.TC_TB" time="6.304" errors="0" timestamp="2021-05-26T15:32:48 IST" skipped="9">
  <testcase classname="Test.TC_TB" name="validLogin" time="6.304">
    <failure message="expected [Turi] but found [Turia]" type="java.lang.AssertionError">
      <![CDATA[java.lang.AssertionError: expected [Turi] but found [Turia]
at org.testng.Assert.fail(Assert.java:99)
at org.testng.Assert.failNotEquals(Assert.java:1037)
at org.testng.Assert.assertEqualsImpl(Assert.java:140)
at org.testng.Assert.assertEquals(Assert.java:122)
at org.testng.Assert.assertEquals(Assert.java:629)
at org.testng.Assert.assertEquals(Assert.java:639)
at Test.TC_TB.validLogin(TC_TB.java:16)
at java.base/jdk.internal.reflect.NativeMethodAccessorImpl.invoke0(Native Method)
at java.base/jdk.internal.reflect.NativeMethodAccessorImpl.invoke(NativeMethodAccessorImpl.java:64)
at java.base/jdk.internal.reflect.DelegatingMethodAccessorImpl.invoke(DelegatingMethodAccessorImpl.java:43)
at java.base/java.lang.reflect.Method.invoke(Method.java:564)
at org.testng.internal.MethodInvocationHelper.invokeMethod(MethodInvocationHelper.java:133)
at org.testng.internal.TestInvoker.invokeMethod(TestInvoker.java:598)
at org.testng.internal.TestInvoker.invokeTestMethod(TestInvoker.java:173)
at org.testng.internal.MethodRunner.runInSequence(MethodRunner.java:46)
at org.testng.internal.TestInvoker$MethodInvocationAgent.invoke(TestInvoker.java:824)
at org.testng.internal.TestInvoker.invokeTestMethods(TestInvoker.java:146)
at org.testng.internal.TestMethodWorker.invokeTestMethods(TestMethodWorker.java:146)
at org.testng.internal.TestMethodWorker.run(TestMethodWorker.java:128)
at java.base/java.util.ArrayList.forEach(ArrayList.java:1511)
at org.testng.TestRunner.privateRun(TestRunner.java:794)
at org.testng.TestRunner.run(TestRunner.java:596)
at org.testng.SuiteRunner.runTest(SuiteRunner.java:377)
at org.testng.SuiteRunner.runSequentially(SuiteRunner.java:371)
at org.testng.SuiteRunner.privateRun(SuiteRunner.java:332)
at org.testng.SuiteRunner.run(SuiteRunner.java:276)
at org.testng.SuiteRunnerWorker.runSuite(SuiteRunnerWorker.java:53)
at org.testng.SuiteRunnerWorker.run(SuiteRunnerWorker.java:96)
at org.testng.TestNG.runSuitesSequentially(TestNG.java:1212)
at org.testng.TestNG.runSuitesLocally(TestNG.java:1134)
at org.testng.TestNG.runSuites(TestNG.java:1063)
at org.testng.TestNG.run(TestNG.java:1031)
at org.testng.remote.AbstractRemoteTestNG.run(AbstractRemoteTestNG.java:115)
at org.testng.remote.RemoteTestNG.initAndRun(RemoteTestNG.java:251)
at org.testng.remote.RemoteTestNG.main(RemoteTestNG.java:77)
]]>
    </failure>
  </testcase> <!-- validLogin -->
  <system-out/>
  <testcase classname="Test.TC_TB" name="check_Navigating_to_Book_Item_Page" time="0.000">
    <skipped/>
  </testcase> <!-- check_Navigating_to_Book_Item_Page -->
  <system-out/>
  <testcase classname="Test.TC_TB" name="isList_isEmpty" time="0.000">
    <skipped/>
  </testcase> <!-- isList_isEmpty -->
  <system-out/>
  <testcase classname="Test.TC_TB" name="to_Check_Check_Box_isSelected_First_Item" time="0.000">
    <skipped/>
  </testcase> <!-- to_Check_Check_Box_isSelected_First_Item -->
  <system-out/>
  <testcase classname="Test.TC_TB" name="to_Check_Check_Box_isEnabled_First_Item" time="0.000">
    <skipped/>
  </testcase> <!-- to_Check_Check_Box_isEnabled_First_Item -->
  <system-out/>
  <testcase classname="Test.TC_TB" name="to_Check_Check_Box_isClickable_First_Item" time="0.000">
    <skipped/>
  </testcase> <!-- to_Check_Check_Box_isClickable_First_Item -->
  <system-out/>
  <testcase classname="Test.TC_TB" name="to_More_Option_isDisplayed_First_Item" time="0.000">
    <skipped/>
  </testcase> <!-- to_More_Option_isDisplayed_First_Item -->
  <system-out/>
  <testcase classname="Test.TC_TB" name="to_Check_More_Option_isEnabled_First_Item" time="0.000">
    <skipped/>
  </testcase> <!-- to_Check_More_Option_isEnabled_First_Item -->
  <system-out/>
  <testcase classname="Test.TC_TB" name="to_Check_Mark_as_Inactive_isDisplyed_First_Item" time="0.000">
    <skipped/>
  </testcase> <!-- to_Check_Mark_as_Inactive_isDisplyed_First_Item -->
  <system-out/>
  <testcase classname="Test.TC_TB" name="to_Check_in_Inactive_Services" time="0.000">
    <skipped/>
  </testcase> <!-- to_Check_in_Inactive_Services -->
  <system-out/>
</testsuite> <!-- Test.TC_TB -->
